<?xml version="1.0" encoding="UTF-8"?>
<testsuite xmlns:xsi="http://www.w3.org/2001/XMLSchema-instance" xsi:noNamespaceSchemaLocation="https://maven.apache.org/surefire/maven-surefire-plugin/xsd/surefire-test-report-3.0.xsd" version="3.0" name="com.tc.training.smallfinance.SmallfinanceApplicationTests" time="13.02" tests="1" errors="0" skipped="0" failures="0">
  <properties>
[...]
</properties>
  <testcase name="contextLoads" classname="com.tc.training.smallfinance.SmallfinanceApplicationTests" time="0.998">
    <system-out><![CDATA[15:32:54.007 [main] INFO org.springframework.test.context.support.AnnotationConfigContextLoaderUtils -- Could not detect default configuration classes for test class [com.tc.training.smallfinance.SmallfinanceApplicationTests]: SmallfinanceApplicationTests does not declare any static, non-private, non-final, nested classes annotated with @Configuration.
15:32:54.132 [main] INFO org.springframework.boot.test.context.SpringBootTestContextBootstrapper -- Found @SpringBootConfiguration com.tc.training.smallfinance.SmallfinanceApplication for test class com.tc.training.smallfinance.SmallfinanceApplicationTests

  .   ____          _            __ _ _
 /\\ / ___'_ __ _ _(_)_ __  __ _ \ \ \ \
( ( )\___ | '_ | '_| | '_ \/ _` | \ \ \ \
 \\/  ___)| |_)| | | | | || (_| |  ) ) ) )
  '  |____| .__|_| |_|_| |_\__, | / / / /
 =========|_|==============|___/=/_/_/_/
 :: Spring Boot ::                (v3.1.2)

2023-11-08T15:32:54.676+05:30  INFO 25028 --- [           main] c.t.t.s.SmallfinanceApplicationTests     : Starting SmallfinanceApplicationTests using Java 17.0.8.1 with PID 25028 (started by Pavan Gowda in C:\Users\TC\Desktop\Smallfinance\Smallfinance_spring_mvc)
2023-11-08T15:32:54.676+05:30  INFO 25028 --- [           main] c.t.t.s.SmallfinanceApplicationTests     : No active profile set, falling back to 1 default profile: "default"
2023-11-08T15:32:56.161+05:30  INFO 25028 --- [           main] .s.d.r.c.RepositoryConfigurationDelegate : Bootstrapping Spring Data JPA repositories in DEFAULT mode.
2023-11-08T15:32:56.337+05:30  INFO 25028 --- [           main] .s.d.r.c.RepositoryConfigurationDelegate : Finished Spring Data repository scanning in 156 ms. Found 9 JPA repository interfaces.
2023-11-08T15:32:57.109+05:30  INFO 25028 --- [           main] o.f.c.internal.license.VersionPrinter    : Flyway Community Edition 9.14.1 by Redgate
2023-11-08T15:32:57.109+05:30  INFO 25028 --- [           main] o.f.c.internal.license.VersionPrinter    : See what's new here: https://flywaydb.org/documentation/learnmore/releaseNotes#9.14.1
2023-11-08T15:32:57.109+05:30  INFO 25028 --- [           main] o.f.c.internal.license.VersionPrinter    : 
2023-11-08T15:32:58.070+05:30  INFO 25028 --- [           main] o.f.c.i.database.base.BaseDatabaseType   : Database: jdbc:postgresql://performance-poc-db.postgres.database.azure.com:5432/spring_small_finance (PostgreSQL 15.3)
2023-11-08T15:32:58.703+05:30  INFO 25028 --- [           main] o.f.core.internal.command.DbValidate     : Successfully validated 1 migration (execution time 00:00.226s)
2023-11-08T15:32:59.603+05:30  INFO 25028 --- [           main] o.f.core.internal.command.DbMigrate      : Current version of schema "public": 1
2023-11-08T15:32:59.649+05:30  INFO 25028 --- [           main] o.f.core.internal.command.DbMigrate      : Schema "public" is up to date. No migration necessary.
2023-11-08T15:33:00.033+05:30  INFO 25028 --- [           main] o.hibernate.jpa.internal.util.LogHelper  : HHH000204: Processing PersistenceUnitInfo [name: default]
2023-11-08T15:33:00.127+05:30  INFO 25028 --- [           main] org.hibernate.Version                    : HHH000412: Hibernate ORM core version 6.2.6.Final
2023-11-08T15:33:00.127+05:30  INFO 25028 --- [           main] org.hibernate.cfg.Environment            : HHH000406: Using bytecode reflection optimizer
2023-11-08T15:33:00.315+05:30  INFO 25028 --- [           main] o.h.b.i.BytecodeProviderInitiator        : HHH000021: Bytecode provider name : bytebuddy
2023-11-08T15:33:00.459+05:30  INFO 25028 --- [           main] o.s.o.j.p.SpringPersistenceUnitInfo      : No LoadTimeWeaver setup: ignoring JPA class transformer
2023-11-08T15:33:00.474+05:30  INFO 25028 --- [           main] com.zaxxer.hikari.HikariDataSource       : HikariPool-1 - Starting...
2023-11-08T15:33:00.719+05:30  INFO 25028 --- [           main] com.zaxxer.hikari.pool.HikariPool        : HikariPool-1 - Added connection org.postgresql.jdbc.PgConnection@3b25709e
2023-11-08T15:33:00.735+05:30  INFO 25028 --- [           main] com.zaxxer.hikari.HikariDataSource       : HikariPool-1 - Start completed.
2023-11-08T15:33:01.186+05:30  INFO 25028 --- [           main] o.h.b.i.BytecodeProviderInitiator        : HHH000021: Bytecode provider name : bytebuddy
2023-11-08T15:33:02.225+05:30  INFO 25028 --- [           main] o.h.e.t.j.p.i.JtaPlatformInitiator       : HHH000490: Using JtaPlatform implementation: [org.hibernate.engine.transaction.jta.platform.internal.NoJtaPlatform]
2023-11-08T15:33:02.225+05:30  INFO 25028 --- [           main] j.LocalContainerEntityManagerFactoryBean : Initialized JPA EntityManagerFactory for persistence unit 'default'
2023-11-08T15:33:02.563+05:30  INFO 25028 --- [           main] o.s.d.j.r.query.QueryEnhancerFactory     : Hibernate is in classpath; If applicable, HQL parser will be used.
2023-11-08T15:33:03.325+05:30  WARN 25028 --- [           main] JpaBaseConfiguration$JpaWebConfiguration : spring.jpa.open-in-view is enabled by default. Therefore, database queries may be performed during view rendering. Explicitly configure spring.jpa.open-in-view to disable this warning
2023-11-08T15:33:03.626+05:30  INFO 25028 --- [           main] o.s.s.web.DefaultSecurityFilterChain     : Will secure any request with [org.springframework.security.web.session.DisableEncodeUrlFilter@2b08f55a, org.springframework.security.web.context.request.async.WebAsyncManagerIntegrationFilter@67b5da40, org.springframework.security.web.context.SecurityContextHolderFilter@75f67fe5, org.springframework.security.web.header.HeaderWriterFilter@435848de, org.springframework.security.web.authentication.logout.LogoutFilter@415c5469, org.springframework.security.oauth2.server.resource.web.authentication.BearerTokenAuthenticationFilter@31d327b6, org.springframework.security.web.savedrequest.RequestCacheAwareFilter@41dcfd0, org.springframework.security.web.servletapi.SecurityContextHolderAwareRequestFilter@1fcb01f8, org.springframework.security.web.authentication.AnonymousAuthenticationFilter@4ff3af97, org.springframework.security.web.access.ExceptionTranslationFilter@1bfc6e50, org.springframework.security.web.access.intercept.AuthorizationFilter@4676fcd9]
2023-11-08T15:33:05.573+05:30  INFO 25028 --- [           main] o.s.b.a.e.web.EndpointLinksResolver      : Exposing 4 endpoint(s) beneath base path '/actuator'
2023-11-08T15:33:05.699+05:30  INFO 25028 --- [           main] c.t.t.s.SmallfinanceApplicationTests     : Started SmallfinanceApplicationTests in 11.378 seconds (process running for 12.67)
]]></system-out>
  </testcase>
</testsuite>