<?xml version="1.0" encoding="UTF-8"?>
<testsuite xmlns:xsi="http://www.w3.org/2001/XMLSchema-instance" xsi:noNamespaceSchemaLocation="https://maven.apache.org/surefire/maven-surefire-plugin/xsd/surefire-test-report.xsd" name="com.microFinance1.MicroFinance1Test" time="3.337" tests="1" errors="1" skipped="0" failures="0">
  <properties>
[...]
</properties>
  <testcase name="com.microFinance1.MicroFinance1Test" classname="com.microFinance1.MicroFinance1Test" time="3.336">
    <error message="Error instantiating bean of type  [io.micronaut.transaction.test.DefaultTestTransactionExecutionListener]&#10;&#10;Message: Transaction mode is not supported when the synchronous transaction manager is created using Reactive transaction manager!&#10;Path Taken: new DefaultTestTransactionExecutionListener(SynchronousTransactionManager transactionManager,boolean rollback,TransactionMode transactionMode,SpockMethodTransactionDefinitionProvider spockMethodTransactionDefinitionProvider)" type="io.micronaut.context.exceptions.BeanInstantiationException">io.micronaut.context.exceptions.BeanInstantiationException: 
Error instantiating bean of type  [io.micronaut.transaction.test.DefaultTestTransactionExecutionListener]

Message: Transaction mode is not supported when the synchronous transaction manager is created using Reactive transaction manager!
Path Taken: new DefaultTestTransactionExecutionListener(SynchronousTransactionManager transactionManager,boolean rollback,TransactionMode transactionMode,SpockMethodTransactionDefinitionProvider spockMethodTransactionDefinitionProvider)
Caused by: java.lang.IllegalStateException: Transaction mode is not supported when the synchronous transaction manager is created using Reactive transaction manager!
</error>
    <system-out><![CDATA[20:06:17.733 [main] INFO  i.m.c.DefaultApplicationContext$RuntimeConfiguredEnvironment - Established active environments: [test]
20:06:18.472 [main] INFO  i.m.flyway.AbstractFlywayMigration - Running migrations for database with qualifier [default]
20:06:18.477 [main] INFO  o.f.c.i.license.VersionPrinter - Flyway Community Edition 8.5.13 by Redgate
20:06:18.477 [main] INFO  o.f.c.i.license.VersionPrinter - See what's new here: https://flywaydb.org/documentation/learnmore/releaseNotes#8.5.13
20:06:18.477 [main] INFO  o.f.c.i.license.VersionPrinter - 
20:06:18.819 [main] INFO  o.f.c.i.d.base.BaseDatabaseType - Database: jdbc:postgresql://localhost:5432/small_finance (PostgreSQL 15.4)
20:06:18.831 [main] WARN  o.f.c.i.database.base.Database - Flyway upgrade recommended: PostgreSQL 15.4 is newer than this version of Flyway and support has not been tested. The latest supported version of PostgreSQL is 14.
20:06:18.920 [main] INFO  o.f.core.internal.command.DbValidate - Successfully validated 1 migration (execution time 00:00.062s)
20:06:18.933 [main] INFO  o.f.core.internal.command.DbMigrate - Current version of schema "public": 1
20:06:18.935 [main] INFO  o.f.core.internal.command.DbMigrate - Schema "public" is up to date. No migration necessary.
]]></system-out>
  </testcase>
</testsuite>