<?xml version="1.0" encoding="UTF-8"?>
<testsuite xmlns:xsi="http://www.w3.org/2001/XMLSchema-instance" xsi:noNamespaceSchemaLocation="https://maven.apache.org/surefire/maven-surefire-plugin/xsd/surefire-test-report-3.0.xsd" version="3.0" name="com.tc.training.SmallFinanceApplicationTests" time="5.991" tests="1" errors="0" skipped="0" failures="0">
  <properties>
[...]
</properties>
  <testcase name="contextLoads" classname="com.tc.training.SmallFinanceApplicationTests" time="1.155">
    <system-out><![CDATA[17:37:45.172 [main] INFO org.springframework.test.context.support.AnnotationConfigContextLoaderUtils -- Could not detect default configuration classes for test class [com.tc.training.SmallFinanceApplicationTests]: SmallFinanceApplicationTests does not declare any static, non-private, non-final, nested classes annotated with @Configuration.
17:37:45.327 [main] INFO org.springframework.boot.test.context.SpringBootTestContextBootstrapper -- Found @SpringBootConfiguration com.tc.training.SmallFinanceApplication for test class com.tc.training.SmallFinanceApplicationTests

  .   ____          _            __ _ _
 /\\ / ___'_ __ _ _(_)_ __  __ _ \ \ \ \
( ( )\___ | '_ | '_| | '_ \/ _` | \ \ \ \
 \\/  ___)| |_)| | | | | || (_| |  ) ) ) )
  '  |____| .__|_| |_|_| |_\__, | / / / /
 =========|_|==============|___/=/_/_/_/
 :: Spring Boot ::                (v3.1.3)

2023-10-04T17:37:45.861+05:30  INFO 9040 --- [           main] c.t.t.SmallFinanceApplicationTests       : Starting SmallFinanceApplicationTests using Java 20.0.1 with PID 9040 (started by hp in C:\Users\hp\Desktop\demo)
2023-10-04T17:37:45.863+05:30  INFO 9040 --- [           main] c.t.t.SmallFinanceApplicationTests       : No active profile set, falling back to 1 default profile: "default"
2023-10-04T17:37:47.323+05:30  INFO 9040 --- [           main] .s.d.r.c.RepositoryConfigurationDelegate : Bootstrapping Spring Data R2DBC repositories in DEFAULT mode.
2023-10-04T17:37:47.622+05:30  INFO 9040 --- [           main] .s.d.r.c.RepositoryConfigurationDelegate : Finished Spring Data repository scanning in 289 ms. Found 7 R2DBC repository interfaces.
2023-10-04T17:37:49.231+05:30  INFO 9040 --- [           main] o.f.c.internal.license.VersionPrinter    : Flyway Community Edition 9.14.1 by Redgate
2023-10-04T17:37:49.231+05:30  INFO 9040 --- [           main] o.f.c.internal.license.VersionPrinter    : See what's new here: https://flywaydb.org/documentation/learnmore/releaseNotes#9.14.1
2023-10-04T17:37:49.231+05:30  INFO 9040 --- [           main] o.f.c.internal.license.VersionPrinter    : 
2023-10-04T17:37:49.574+05:30  INFO 9040 --- [           main] o.f.c.i.database.base.BaseDatabaseType   : Database: jdbc:postgresql://localhost:5432/reactive_small_finance (PostgreSQL 15.4)
2023-10-04T17:37:49.636+05:30  INFO 9040 --- [           main] o.f.core.internal.command.DbValidate     : Successfully validated 4 migrations (execution time 00:00.040s)
2023-10-04T17:37:49.716+05:30  INFO 9040 --- [           main] o.f.core.internal.command.DbMigrate      : Current version of schema "public": 4
2023-10-04T17:37:49.717+05:30  INFO 9040 --- [           main] o.f.core.internal.command.DbMigrate      : Schema "public" is up to date. No migration necessary.
2023-10-04T17:37:49.783+05:30  INFO 9040 --- [           main] c.t.t.SmallFinanceApplicationTests       : Started SmallFinanceApplicationTests in 4.272 seconds (process running for 5.651)
]]></system-out>
  </testcase>
</testsuite>